-------------------------------------------------------------------------------
Test set: com.van589.MoocWebApiApplicationTests
-------------------------------------------------------------------------------
Tests run: 1, Failures: 0, Errors: 1, Skipped: 0, Time elapsed: 2.014 s <<< FAILURE! - in com.van589.MoocWebApiApplicationTests
com.van589.MoocWebApiApplicationTests  Time elapsed: 2.01 s  <<< ERROR!
java.lang.IllegalStateException: Unable to find a @SpringBootConfiguration, you need to use @ContextConfiguration or @SpringBootTest(classes=...) with your test

