<?xml version="1.0" encoding="UTF-8"?>
<testsuite xmlns:xsi="http://www.w3.org/2001/XMLSchema-instance" xsi:noNamespaceSchemaLocation="https://maven.apache.org/surefire/maven-surefire-plugin/xsd/surefire-test-report.xsd" name="com.van589.MoocWebApiApplicationTests" time="2.014" tests="1" errors="1" skipped="0" failures="0">
  <properties>
[...]
</properties>
  <testcase name="com.van589.MoocWebApiApplicationTests" classname="com.van589.MoocWebApiApplicationTests" time="2.01">
    <error message="Unable to find a @SpringBootConfiguration, you need to use @ContextConfiguration or @SpringBootTest(classes=...) with your test" type="java.lang.IllegalStateException">java.lang.IllegalStateException: Unable to find a @SpringBootConfiguration, you need to use @ContextConfiguration or @SpringBootTest(classes=...) with your test
</error>
    <system-out><![CDATA[00:53:45.619 [main] DEBUG org.springframework.test.context.BootstrapUtils - Instantiating CacheAwareContextLoaderDelegate from class [org.springframework.test.context.cache.DefaultCacheAwareContextLoaderDelegate]
00:53:45.715 [main] DEBUG org.springframework.test.context.BootstrapUtils - Instantiating BootstrapContext using constructor [public org.springframework.test.context.support.DefaultBootstrapContext(java.lang.Class,org.springframework.test.context.CacheAwareContextLoaderDelegate)]
00:53:45.884 [main] DEBUG org.springframework.test.context.BootstrapUtils - Instantiating TestContextBootstrapper for test class [com.van589.MoocWebApiApplicationTests] from class [org.springframework.boot.test.context.SpringBootTestContextBootstrapper]
00:53:46.054 [main] INFO org.springframework.boot.test.context.SpringBootTestContextBootstrapper - Neither @ContextConfiguration nor @ContextHierarchy found for test class [com.van589.MoocWebApiApplicationTests], using SpringBootContextLoader
00:53:46.073 [main] DEBUG org.springframework.test.context.support.AbstractContextLoader - Did not detect default resource location for test class [com.van589.MoocWebApiApplicationTests]: class path resource [com/van589/MoocWebApiApplicationTests-context.xml] does not exist
00:53:46.075 [main] DEBUG org.springframework.test.context.support.AbstractContextLoader - Did not detect default resource location for test class [com.van589.MoocWebApiApplicationTests]: class path resource [com/van589/MoocWebApiApplicationTestsContext.groovy] does not exist
00:53:46.075 [main] INFO org.springframework.test.context.support.AbstractContextLoader - Could not detect default resource locations for test class [com.van589.MoocWebApiApplicationTests]: no resource found for suffixes {-context.xml, Context.groovy}.
00:53:46.083 [main] INFO org.springframework.test.context.support.AnnotationConfigContextLoaderUtils - Could not detect default configuration classes for test class [com.van589.MoocWebApiApplicationTests]: MoocWebApiApplicationTests does not declare any static, non-private, non-final, nested classes annotated with @Configuration.
00:53:46.415 [main] DEBUG org.springframework.test.context.support.ActiveProfilesUtils - Could not find an 'annotation declaring class' for annotation type [org.springframework.test.context.ActiveProfiles] and class [com.van589.MoocWebApiApplicationTests]
00:53:46.893 [main] DEBUG org.springframework.test.context.BootstrapUtils - Instantiating CacheAwareContextLoaderDelegate from class [org.springframework.test.context.cache.DefaultCacheAwareContextLoaderDelegate]
00:53:46.895 [main] DEBUG org.springframework.test.context.BootstrapUtils - Instantiating BootstrapContext using constructor [public org.springframework.test.context.support.DefaultBootstrapContext(java.lang.Class,org.springframework.test.context.CacheAwareContextLoaderDelegate)]
00:53:46.897 [main] DEBUG org.springframework.test.context.BootstrapUtils - Instantiating TestContextBootstrapper for test class [com.van589.MoocWebApiApplicationTests] from class [org.springframework.boot.test.context.SpringBootTestContextBootstrapper]
00:53:46.902 [main] INFO org.springframework.boot.test.context.SpringBootTestContextBootstrapper - Neither @ContextConfiguration nor @ContextHierarchy found for test class [com.van589.MoocWebApiApplicationTests], using SpringBootContextLoader
00:53:46.905 [main] DEBUG org.springframework.test.context.support.AbstractContextLoader - Did not detect default resource location for test class [com.van589.MoocWebApiApplicationTests]: class path resource [com/van589/MoocWebApiApplicationTests-context.xml] does not exist
00:53:46.907 [main] DEBUG org.springframework.test.context.support.AbstractContextLoader - Did not detect default resource location for test class [com.van589.MoocWebApiApplicationTests]: class path resource [com/van589/MoocWebApiApplicationTestsContext.groovy] does not exist
00:53:46.910 [main] INFO org.springframework.test.context.support.AbstractContextLoader - Could not detect default resource locations for test class [com.van589.MoocWebApiApplicationTests]: no resource found for suffixes {-context.xml, Context.groovy}.
00:53:46.911 [main] INFO org.springframework.test.context.support.AnnotationConfigContextLoaderUtils - Could not detect default configuration classes for test class [com.van589.MoocWebApiApplicationTests]: MoocWebApiApplicationTests does not declare any static, non-private, non-final, nested classes annotated with @Configuration.
00:53:46.916 [main] DEBUG org.springframework.test.context.support.ActiveProfilesUtils - Could not find an 'annotation declaring class' for annotation type [org.springframework.test.context.ActiveProfiles] and class [com.van589.MoocWebApiApplicationTests]
00:53:47.011 [main] DEBUG org.springframework.test.context.BootstrapUtils - Instantiating CacheAwareContextLoaderDelegate from class [org.springframework.test.context.cache.DefaultCacheAwareContextLoaderDelegate]
00:53:47.012 [main] DEBUG org.springframework.test.context.BootstrapUtils - Instantiating BootstrapContext using constructor [public org.springframework.test.context.support.DefaultBootstrapContext(java.lang.Class,org.springframework.test.context.CacheAwareContextLoaderDelegate)]
00:53:47.017 [main] DEBUG org.springframework.test.context.BootstrapUtils - Instantiating TestContextBootstrapper for test class [com.van589.MoocWebApiApplicationTests] from class [org.springframework.boot.test.context.SpringBootTestContextBootstrapper]
00:53:47.023 [main] INFO org.springframework.boot.test.context.SpringBootTestContextBootstrapper - Neither @ContextConfiguration nor @ContextHierarchy found for test class [com.van589.MoocWebApiApplicationTests], using SpringBootContextLoader
00:53:47.025 [main] DEBUG org.springframework.test.context.support.AbstractContextLoader - Did not detect default resource location for test class [com.van589.MoocWebApiApplicationTests]: class path resource [com/van589/MoocWebApiApplicationTests-context.xml] does not exist
00:53:47.029 [main] DEBUG org.springframework.test.context.support.AbstractContextLoader - Did not detect default resource location for test class [com.van589.MoocWebApiApplicationTests]: class path resource [com/van589/MoocWebApiApplicationTestsContext.groovy] does not exist
00:53:47.030 [main] INFO org.springframework.test.context.support.AbstractContextLoader - Could not detect default resource locations for test class [com.van589.MoocWebApiApplicationTests]: no resource found for suffixes {-context.xml, Context.groovy}.
00:53:47.031 [main] INFO org.springframework.test.context.support.AnnotationConfigContextLoaderUtils - Could not detect default configuration classes for test class [com.van589.MoocWebApiApplicationTests]: MoocWebApiApplicationTests does not declare any static, non-private, non-final, nested classes annotated with @Configuration.
00:53:47.039 [main] DEBUG org.springframework.test.context.support.ActiveProfilesUtils - Could not find an 'annotation declaring class' for annotation type [org.springframework.test.context.ActiveProfiles] and class [com.van589.MoocWebApiApplicationTests]
]]></system-out>
  </testcase>
</testsuite>